# JRE version: OpenJDK Runtime Environment (8.0_152-b01) (build 1.8.0_152-release-915-b01)
# Java VM: OpenJDK 64-Bit Server VM (25.152-b01 mixed mode windows-amd64 compressed oops)
Heap:
 PSYoungGen      total 155648K, used 97705K [0x00000000eab00000, 0x00000000f6580000, 0x0000000100000000)
  eden space 127488K, 59% used [0x00000000eab00000,0x00000000ef4fda98,0x00000000f2780000)
  from space 28160K, 77% used [0x00000000f4a00000,0x00000000f5f6cb70,0x00000000f6580000)
  to   space 31744K, 0% used [0x00000000f2780000,0x00000000f2780000,0x00000000f4680000)
 ParOldGen       total 94720K, used 61019K [0x00000000c0000000, 0x00000000c5c80000, 0x00000000eab00000)
  object space 94720K, 64% used [0x00000000c0000000,0x00000000c3b96fe0,0x00000000c5c80000)
 Metaspace       used 79009K, capacity 83431K, committed 83604K, reserved 1122304K
  class space    used 10097K, capacity 11121K, committed 11156K, reserved 1048576K
GC Heap History (10 events):
Event: 4717.304 GC heap before
{Heap before GC invocations=31 (full 3):
 PSYoungGen      total 157184K, used 156992K [0x00000000eab00000, 0x00000000f7780000, 0x0000000100000000)
  eden space 154112K, 100% used [0x00000000eab00000,0x00000000f4180000,0x00000000f4180000)
  from space 3072K, 93% used [0x00000000f4780000,0x00000000f4a50040,0x00000000f4a80000)
  to   space 27648K, 0% used [0x00000000f5c80000,0x00000000f5c80000,0x00000000f7780000)
 ParOldGen       total 94720K, used 60971K [0x00000000c0000000, 0x00000000c5c80000, 0x00000000eab00000)
  object space 94720K, 64% used [0x00000000c0000000,0x00000000c3b8afe0,0x00000000c5c80000)
 Metaspace       used 69827K, capacity 73235K, committed 73492K, reserved 1112064K
  class space    used 9131K, capacity 9956K, committed 10004K, reserved 1048576K
Event: 4717.331 GC heap after
Heap after GC invocations=31 (full 3):
 PSYoungGen      total 171520K, used 19227K [0x00000000eab00000, 0x00000000f7380000, 0x0000000100000000)
  eden space 147968K, 0% used [0x00000000eab00000,0x00000000eab00000,0x00000000f3b80000)
  from space 23552K, 81% used [0x00000000f5c80000,0x00000000f6f46ea8,0x00000000f7380000)
  to   space 28672K, 0% used [0x00000000f3b80000,0x00000000f3b80000,0x00000000f5780000)
 ParOldGen       total 94720K, used 60979K [0x00000000c0000000, 0x00000000c5c80000, 0x00000000eab00000)
  object space 94720K, 64% used [0x00000000c0000000,0x00000000c3b8cfe0,0x00000000c5c80000)
 Metaspace       used 69827K, capacity 73235K, committed 73492K, reserved 1112064K
  class space    used 9131K, capacity 9956K, committed 10004K, reserved 1048576K
}
Event: 4812.583 GC heap before
{Heap before GC invocations=32 (full 3):
 PSYoungGen      total 171520K, used 167195K [0x00000000eab00000, 0x00000000f7380000, 0x0000000100000000)
  eden space 147968K, 100% used [0x00000000eab00000,0x00000000f3b80000,0x00000000f3b80000)
  from space 23552K, 81% used [0x00000000f5c80000,0x00000000f6f46ea8,0x00000000f7380000)
  to   space 28672K, 0% used [0x00000000f3b80000,0x00000000f3b80000,0x00000000f5780000)
 ParOldGen       total 94720K, used 60979K [0x00000000c0000000, 0x00000000c5c80000, 0x00000000eab00000)
  object space 94720K, 64% used [0x00000000c0000000,0x00000000c3b8cfe0,0x00000000c5c80000)
 Metaspace       used 71783K, capacity 75583K, committed 75796K, reserved 1114112K
  class space    used 9294K, capacity 10232K, committed 10260K, reserved 1048576K
Event: 4812.608 GC heap after
Heap after GC invocations=32 (full 3):
 PSYoungGen      total 155136K, used 12622K [0x00000000eab00000, 0x00000000f6b00000, 0x0000000100000000)
  eden space 142336K, 0% used [0x00000000eab00000,0x00000000eab00000,0x00000000f3600000)
  from space 12800K, 98% used [0x00000000f3b80000,0x00000000f47d3aa0,0x00000000f4800000)
  to   space 27136K, 0% used [0x00000000f5080000,0x00000000f5080000,0x00000000f6b00000)
 ParOldGen       total 94720K, used 60995K [0x00000000c0000000, 0x00000000c5c80000, 0x00000000eab00000)
  object space 94720K, 64% used [0x00000000c0000000,0x00000000c3b90fe0,0x00000000c5c80000)
 Metaspace       used 71783K, capacity 75583K, committed 75796K, reserved 1114112K
  class space    used 9294K, capacity 10232K, committed 10260K, reserved 1048576K
}
Event: 4816.847 GC heap before
{Heap before GC invocations=33 (full 3):
 PSYoungGen      total 155136K, used 154958K [0x00000000eab00000, 0x00000000f6b00000, 0x0000000100000000)
  eden space 142336K, 100% used [0x00000000eab00000,0x00000000f3600000,0x00000000f3600000)
  from space 12800K, 98% used [0x00000000f3b80000,0x00000000f47d3aa0,0x00000000f4800000)
  to   space 27136K, 0% used [0x00000000f5080000,0x00000000f5080000,0x00000000f6b00000)
 ParOldGen       total 94720K, used 60995K [0x00000000c0000000, 0x00000000c5c80000, 0x00000000eab00000)
  object space 94720K, 64% used [0x00000000c0000000,0x00000000c3b90fe0,0x00000000c5c80000)
 Metaspace       used 72853K, capacity 76799K, committed 76948K, reserved 1116160K
  class space    used 9385K, capacity 10350K, committed 10388K, reserved 1048576K
Event: 4816.910 GC heap after
Heap after GC invocations=33 (full 3):
 PSYoungGen      total 162304K, used 20277K [0x00000000eab00000, 0x00000000f6900000, 0x0000000100000000)
  eden space 137216K, 0% used [0x00000000eab00000,0x00000000eab00000,0x00000000f3100000)
  from space 25088K, 80% used [0x00000000f5080000,0x00000000f644d4d0,0x00000000f6900000)
  to   space 28672K, 0% used [0x00000000f3100000,0x00000000f3100000,0x00000000f4d00000)
 ParOldGen       total 94720K, used 61003K [0x00000000c0000000, 0x00000000c5c80000, 0x00000000eab00000)
  object space 94720K, 64% used [0x00000000c0000000,0x00000000c3b92fe0,0x00000000c5c80000)
 Metaspace       used 72853K, capacity 76799K, committed 76948K, reserved 1116160K
  class space    used 9385K, capacity 10350K, committed 10388K, reserved 1048576K
}
Event: 5322.225 GC heap before
{Heap before GC invocations=34 (full 3):
 PSYoungGen      total 162304K, used 157493K [0x00000000eab00000, 0x00000000f6900000, 0x0000000100000000)
  eden space 137216K, 100% used [0x00000000eab00000,0x00000000f3100000,0x00000000f3100000)
  from space 25088K, 80% used [0x00000000f5080000,0x00000000f644d4d0,0x00000000f6900000)
  to   space 28672K, 0% used [0x00000000f3100000,0x00000000f3100000,0x00000000f4d00000)
 ParOldGen       total 94720K, used 61003K [0x00000000c0000000, 0x00000000c5c80000, 0x00000000eab00000)
  object space 94720K, 64% used [0x00000000c0000000,0x00000000c3b92fe0,0x00000000c5c80000)
 Metaspace       used 78466K, capacity 82751K, committed 82836K, reserved 1120256K
  class space    used 10075K, capacity 11104K, committed 11156K, reserved 1048576K
Event: 5322.251 GC heap after
Heap after GC invocations=34 (full 3):
 PSYoungGen      total 155136K, used 22697K [0x00000000eab00000, 0x00000000f6800000, 0x0000000100000000)
  eden space 132096K, 0% used [0x00000000eab00000,0x00000000eab00000,0x00000000f2c00000)
  from space 23040K, 98% used [0x00000000f3100000,0x00000000f472a730,0x00000000f4780000)
  to   space 30720K, 0% used [0x00000000f4a00000,0x00000000f4a00000,0x00000000f6800000)
 ParOldGen       total 94720K, used 61011K [0x00000000c0000000, 0x00000000c5c80000, 0x00000000eab00000)
  object space 94720K, 64% used [0x00000000c0000000,0x00000000c3b94fe0,0x00000000c5c80000)
 Metaspace       used 78466K, capacity 82751K, committed 82836K, reserved 1120256K
  class space    used 10075K, capacity 11104K, committed 11156K, reserved 1048576K
}
Event: 5325.637 GC heap before
{Heap before GC invocations=35 (full 3):
 PSYoungGen      total 155136K, used 154793K [0x00000000eab00000, 0x00000000f6800000, 0x0000000100000000)
  eden space 132096K, 100% used [0x00000000eab00000,0x00000000f2c00000,0x00000000f2c00000)
  from space 23040K, 98% used [0x00000000f3100000,0x00000000f472a730,0x00000000f4780000)
  to   space 30720K, 0% used [0x00000000f4a00000,0x00000000f4a00000,0x00000000f6800000)
 ParOldGen       total 94720K, used 61011K [0x00000000c0000000, 0x00000000c5c80000, 0x00000000eab00000)
  object space 94720K, 64% used [0x00000000c0000000,0x00000000c3b94fe0,0x00000000c5c80000)
 Metaspace       used 78662K, capacity 83043K, committed 83348K, reserved 1122304K
  class space    used 10086K, capacity 11110K, committed 11156K, reserved 1048576K
Event: 5325.674 GC heap after
Heap after GC invocations=35 (full 3):
 PSYoungGen      total 155648K, used 21938K [0x00000000eab00000, 0x00000000f6580000, 0x0000000100000000)
  eden space 127488K, 0% used [0x00000000eab00000,0x00000000eab00000,0x00000000f2780000)
  from space 28160K, 77% used [0x00000000f4a00000,0x00000000f5f6cb70,0x00000000f6580000)
  to   space 31744K, 0% used [0x00000000f2780000,0x00000000f2780000,0x00000000f4680000)
 ParOldGen       total 94720K, used 61019K [0x00000000c0000000, 0x00000000c5c80000, 0x00000000eab00000)
  object space 94720K, 64% used [0x00000000c0000000,0x00000000c3b96fe0,0x00000000c5c80000)
 Metaspace       used 78662K, capacity 83043K, committed 83348K, reserved 1122304K
  class space    used 10086K, capacity 11110K, committed 11156K, reserved 1048576K
}

